Z:\VS22\IDE\MSBuild\Microsoft\VC\v170\Microsoft.CppBuild.targets(517,5): warning MSB8028: The intermediate directory (Debug\) contains files shared from another project (Win32SimpleSample.vcxproj).  This can lead to incorrect clean and rebuild behavior.
  Game.cpp
Z:\WFFC-Edit\WOFFCEdit\Game.cpp(195,57): warning C4244: 'argument': conversion from 'double' to 'float', possible loss of data
Z:\WFFC-Edit\WOFFCEdit\Game.cpp(194,57): warning C4244: 'argument': conversion from 'double' to 'float', possible loss of data
Z:\WFFC-Edit\WOFFCEdit\Game.cpp(193,97): warning C4244: 'argument': conversion from 'double' to 'float', possible loss of data
Z:\WFFC-Edit\WOFFCEdit\Game.cpp(218,13): warning C4101: 'Buffer': unreferenced local variable
Z:\WFFC-Edit\WOFFCEdit\Game.cpp(265,85): warning C4244: 'argument': conversion from 'int' to 'float', possible loss of data
Z:\WFFC-Edit\WOFFCEdit\Game.cpp(265,60): warning C4244: 'argument': conversion from 'int' to 'float', possible loss of data
Z:\WFFC-Edit\WOFFCEdit\Game.cpp(266,84): warning C4244: 'argument': conversion from 'int' to 'float', possible loss of data
Z:\WFFC-Edit\WOFFCEdit\Game.cpp(266,59): warning C4244: 'argument': conversion from 'int' to 'float', possible loss of data
Z:\WFFC-Edit\WOFFCEdit\Game.cpp(287,121): warning C4244: 'argument': conversion from 'LONG' to 'float', possible loss of data
Z:\WFFC-Edit\WOFFCEdit\Game.cpp(287,95): warning C4244: 'argument': conversion from 'LONG' to 'float', possible loss of data
Z:\WFFC-Edit\WOFFCEdit\Game.cpp(289,119): warning C4244: 'argument': conversion from 'LONG' to 'float', possible loss of data
Z:\WFFC-Edit\WOFFCEdit\Game.cpp(289,93): warning C4244: 'argument': conversion from 'LONG' to 'float', possible loss of data
Z:\WFFC-Edit\WOFFCEdit\Game.cpp(332,85): warning C4244: 'argument': conversion from 'int' to 'float', possible loss of data
Z:\WFFC-Edit\WOFFCEdit\Game.cpp(332,60): warning C4244: 'argument': conversion from 'int' to 'float', possible loss of data
Z:\WFFC-Edit\WOFFCEdit\Game.cpp(333,84): warning C4244: 'argument': conversion from 'int' to 'float', possible loss of data
Z:\WFFC-Edit\WOFFCEdit\Game.cpp(333,59): warning C4244: 'argument': conversion from 'int' to 'float', possible loss of data
Z:\WFFC-Edit\WOFFCEdit\Game.cpp(336,23): warning C4018: '<': signed/unsigned mismatch
Z:\WFFC-Edit\WOFFCEdit\Game.cpp(344,55): warning C4244: 'argument': conversion from 'double' to 'float', possible loss of data
Z:\WFFC-Edit\WOFFCEdit\Game.cpp(343,153): warning C4244: 'argument': conversion from 'double' to 'float', possible loss of data
Z:\WFFC-Edit\WOFFCEdit\Game.cpp(343,104): warning C4244: 'argument': conversion from 'double' to 'float', possible loss of data
Z:\WFFC-Edit\WOFFCEdit\Game.cpp(350,117): warning C4244: 'argument': conversion from 'LONG' to 'float', possible loss of data
Z:\WFFC-Edit\WOFFCEdit\Game.cpp(350,91): warning C4244: 'argument': conversion from 'LONG' to 'float', possible loss of data
Z:\WFFC-Edit\WOFFCEdit\Game.cpp(352,115): warning C4244: 'argument': conversion from 'LONG' to 'float', possible loss of data
Z:\WFFC-Edit\WOFFCEdit\Game.cpp(352,89): warning C4244: 'argument': conversion from 'LONG' to 'float', possible loss of data
Z:\WFFC-Edit\WOFFCEdit\Game.cpp(359,27): warning C4018: '<': signed/unsigned mismatch
  Win32SimpleSample.vcxproj -> Z:\WFFC-Edit\WOFFCEdit\Debug\WoFEdit.exe
