z:\wffc-edit\woffcedit\debug\vc143.pdb
z:\wffc-edit\woffcedit\debug\vc143.idb
z:\wffc-edit\woffcedit\debug\toolmain.obj
z:\wffc-edit\woffcedit\debug\selectdialogue.obj
z:\wffc-edit\woffcedit\debug\sceneobject.obj
z:\wffc-edit\woffcedit\debug\mfcmain.obj
z:\wffc-edit\woffcedit\debug\pch.obj
z:\wffc-edit\woffcedit\debug\mfcrenderframe.obj
z:\wffc-edit\woffcedit\debug\mfcframe.obj
z:\wffc-edit\woffcedit\debug\main.obj
z:\wffc-edit\woffcedit\debug\game.obj
z:\wffc-edit\woffcedit\debug\displayobject.obj
z:\wffc-edit\woffcedit\debug\displaychunk.obj
z:\wffc-edit\woffcedit\debug\deviceresources.obj
z:\wffc-edit\woffcedit\debug\chunkobject.obj
z:\wffc-edit\woffcedit\debug\camera.obj
z:\wffc-edit\woffcedit\debug\sqlite3.obj
z:\wffc-edit\woffcedit\debug\terraindialogue.obj
z:\wffc-edit\woffcedit\debug\wofedit.exe
z:\wffc-edit\woffcedit\debug\wofedit.ilk
z:\wffc-edit\woffcedit\debug\wofedit.pdb
z:\wffc-edit\woffcedit\debug\win32simplesample.res
z:\wffc-edit\woffcedit\debug\wofedit.tlog\cl.command.1.tlog
z:\wffc-edit\woffcedit\debug\wofedit.tlog\cl.read.1.tlog
z:\wffc-edit\woffcedit\debug\wofedit.tlog\cl.write.1.tlog
z:\wffc-edit\woffcedit\debug\wofedit.tlog\link.command.1.tlog
z:\wffc-edit\woffcedit\debug\wofedit.tlog\link.read.1.tlog
z:\wffc-edit\woffcedit\debug\wofedit.tlog\link.write.1.tlog
z:\wffc-edit\woffcedit\debug\wofedit.tlog\rc.command.1.tlog
z:\wffc-edit\woffcedit\debug\wofedit.tlog\rc.read.1.tlog
z:\wffc-edit\woffcedit\debug\wofedit.tlog\rc.write.1.tlog
